#
# A fatal error has been detected by the Java Runtime Environment:
#
#  SIGILL (0x4) at pc=0x00007fff90ae52ea, pid=65122, tid=51971
#
# JRE version: Java(TM) SE Runtime Environment (7.0_51-b13) (build 1.7.0_51-b13)
# Java VM: Java HotSpot(TM) 64-Bit Server VM (24.51-b03 mixed mode bsd-amd64 compressed oops)
# Problematic frame:
# C  [libobjc.A.dylib+0x122ea]  _ZL10_objc_trapv+0x0
#
# Failed to write core dump. Core dumps have been disabled. To enable core dumping, try "ulimit -c unlimited" before starting Java again
#
# If you would like to submit a bug report, please visit:
#   http://bugreport.sun.com/bugreport/crash.jsp
# The crash happened outside the Java Virtual Machine in native code.
# See problematic frame for where to report the bug.
#

---------------  T H R E A D  ---------------

Current thread (0x00007fb56a9ad800):  JavaThread "AWT-EventQueue-0" [_thread_in_native, id=51971, stack(0x000000011dadd000,0x000000011dbdd000)]

siginfo:si_signo=SIGILL: si_errno=0, si_code=1 (ILL_ILLOPC), si_addr=0x00007fff90ae52ea

Registers:
RAX=0x0000000000000000, RBX=0x00007fb56a728dc0, RCX=0x0000000000000000, RDX=0x00007fff7de7d1e0
RSP=0x000000011dbd5d18, RBP=0x000000011dbd5e00, RSI=0x0000010000000100, RDI=0x0000000000000103
R8 =0x000000011dbd5cc0, R9 =0x00000000ffe00000, R10=0x0000000000000000, R11=0x0000000000000140
R12=0x00007fff7e9e9070, R13=0x00007fff7de86e80, R14=0x00007fff7de87ba8, R15=0x00007fb56a72bc48
RIP=0x00007fff90ae52ea, EFLAGS=0x0000000000010206, ERR=0x0000000000000000
  TRAPNO=0x0000000000000006

Top of Stack: (sp=0x000000011dbd5d18)
0x000000011dbd5d18:   00007fff90ae542a 00007fff7fad3110
0x000000011dbd5d28:   00007fb56a728dc0 00007fff94def36f
0x000000011dbd5d38:   00007fff94def36f 0000000000000054
0x000000011dbd5d48:   00007fb56a728dc0 0000000000001e90
0x000000011dbd5d58:   0000000000000000 000000011dbd5dc0
0x000000011dbd5d68:   00007fff90ae8da1 00007fff7de87b90
0x000000011dbd5d78:   00007fff7e9e9070 000000011dbd5de0
0x000000011dbd5d88:   00007fb56a72bc48 000000011dbd5dc0
0x000000011dbd5d98:   00007fff94def36f 00007fff94def36f
0x000000011dbd5da8:   0000000000000000 00007fff7ec712c8
0x000000011dbd5db8:   00007fb56a72bc48 000000011dbd5e00
0x000000011dbd5dc8:   00007fff90aea5ad 00007fb56cc5a150
0x000000011dbd5dd8:   00007fb56cc59f60 0000003000000018
0x000000011dbd5de8:   000000011dbd5e10 000000011dbd5d20
0x000000011dbd5df8:   00007fb56a72bc48 000000011dbd5e70
0x000000011dbd5e08:   00007fff90adcc87 4010000000000000
0x000000011dbd5e18:   4028000000000000 0000000000000000
0x000000011dbd5e28:   000000000000000f 000000011dbd5e70
0x000000011dbd5e38:   00007fff8e726dd2 e500a417b2c1d527
0x000000011dbd5e48:   00007fff7de86e80 0000000000000000
0x000000011dbd5e58:   00007fff7de86e80 00007fb56a72bc48
0x000000011dbd5e68:   00007fff7de87b80 000000011dbd5ed0
0x000000011dbd5e78:   00007fff90adcac7 0000000000000d10
0x000000011dbd5e88:   00007fb56a728dc0 0000000000000d00
0x000000011dbd5e98:   00007fb56a72bc48 0000000000000000
0x000000011dbd5ea8:   0000000000000000 0000000000000000
0x000000011dbd5eb8:   000000140000001c 00007fb56a728dc0
0x000000011dbd5ec8:   00007fb56a72bc10 000000011dbd5fb0
0x000000011dbd5ed8:   00007fff94d8683a 0000000000001003
0x000000011dbd5ee8:   000000010aab5800 4010000000000000
0x000000011dbd5ef8:   0000000000000080 0000000000000000
0x000000011dbd5f08:   000000010aab0000 0000000000000001 

Instructions: (pc=0x00007fff90ae52ea)
0x00007fff90ae52ca:   c0 44 89 f2 e8 1f 08 01 00 48 8b 7d e0 e8 30 cc
0x00007fff90ae52da:   ff ff 48 8b 7d e0 e8 d3 15 ff ff e8 00 00 00 00
0x00007fff90ae52ea:   0f 0b 55 48 89 e5 48 81 ec d0 00 00 00 84 c0 74
0x00007fff90ae52fa:   26 0f 29 85 60 ff ff ff 0f 29 8d 70 ff ff ff 0f 

Register to memory mapping:

RAX=0x0000000000000000 is an unknown value
RBX=0x00007fb56a728dc0 is an unknown value
RCX=0x0000000000000000 is an unknown value
RDX=0x00007fff7de7d1e0: _ZZL14_objc_crashlogPKcE13crashlog_lock+0x20 in /usr/lib/libobjc.A.dylib at 0x00007fff90ad3000
RSP=0x000000011dbd5d18 is pointing into the stack for thread: 0x00007fb56a9ad800
RBP=0x000000011dbd5e00 is pointing into the stack for thread: 0x00007fb56a9ad800
RSI=0x0000010000000100 is an unknown value
RDI=0x0000000000000103 is an unknown value
R8 =0x000000011dbd5cc0 is pointing into the stack for thread: 0x00007fb56a9ad800
R9 =0x00000000ffe00000 is an unknown value
R10=0x0000000000000000 is an unknown value
R11=0x0000000000000140 is an unknown value
R12=0x00007fff7e9e9070: __stack_chk_guard+0 in /usr/lib/system/libsystem_c.dylib at 0x00007fff944a0000
R13=0x00007fff7de86e80: _ZN12_GLOBAL__N_19SideTable9table_bufE+0 in /usr/lib/libobjc.A.dylib at 0x00007fff90ad3000
R14=0x00007fff7de87ba8: _ZN12_GLOBAL__N_19SideTable9table_bufE+0xd28 in /usr/lib/libobjc.A.dylib at 0x00007fff90ad3000
R15=0x00007fb56a72bc48 is an unknown value


Stack: [0x000000011dadd000,0x000000011dbdd000],  sp=0x000000011dbd5d18,  free space=995k
Native frames: (J=compiled Java code, j=interpreted, Vv=VM code, C=native code)
C  [libobjc.A.dylib+0x122ea]  _ZL10_objc_trapv+0x0
C  [libobjc.A.dylib+0x9c87]  class_getMethodImplementation+0x0
C  [libobjc.A.dylib+0x9ac7]  objc_storeWeak+0xe9
C  [CoreUI+0xb683a]  csiCompressImageProviderCopyImageBlockSetWithOptions+0x3f0
C  [CoreGraphics+0x3532e]  img_blocks_create+0x1c0
C  [CoreGraphics+0x24295]  img_data_lock+0x750
C  [CoreGraphics+0x22bbe]  CGSImageDataLock+0x97
C  [libRIP.A.dylib+0xda02]  ripc_AcquireImage+0x38a
C  [libRIP.A.dylib+0x16e67]  ripc_DrawImages+0x1be5
C  [CoreGraphics+0x6b28b]  CGContextDrawImages+0xc0
C  [CoreUI+0x9b345]  DrawNinePartImageWithOperation+0x153d
C  [CoreUI+0x99de8]  DrawNinePartElementFromRenditionWithOperation+0x1d7
C  [CoreUI+0xa0c67]  -[CUIThemeFacet _drawSpecificRenditionKey:rendition:inFrame:context:alpha:operation:isFocused:isFlipped:]+0x2be
C  [CoreUI+0xa08bb]  -[CUIThemeFacet _drawSpecificRenditionKey:inFrame:context:isFocused:isFlipped:]+0xa3
C  [CoreUI+0x9ec98]  -[CUIThemeFacet drawInFrame:isFocused:context:]+0x89
C  [CoreUI+0xedda]  _ZN20CUICoreThemeRenderer10DrawSimpleEP15CUIRenditionKeyPK13CUIDescriptora+0x232
C  [CoreUI+0x35d6f]  _ZN20CUICoreThemeRenderer4DrawEPK13CUIDescriptor17CGAffineTransformR13CUIReturnInfo+0x5b
C  [CoreUI+0x9391]  _ZN11CUIRenderer4DrawE6CGRectP9CGContextPK14__CFDictionaryPS5_+0x8e3
C  [CoreUI+0x45d6e]  CUIDraw+0xd9
C  [JavaRuntimeSupport+0x3cec]  -[_JRSYosemiteAndLaterRenderer draw:inContext:withBounds:]+0x144
C  [JavaRuntimeSupport+0x3866]  JRSUIControlDraw+0x3d
C  [libosxui.dylib+0x2643]  doPaintImage+0x142
C  [libosxui.dylib+0x27b7]  Java_apple_laf_JRSUIControl_paintImage+0x27
j  apple.laf.JRSUIControl.paintImage([IIIJJJDDDD)I+0
j  apple.laf.JRSUIControl.paintImage([IIIDDDD)I+33
j  apple.laf.JRSUIControl.paint([IIIDDDD)V+12
j  com.apple.laf.AquaPainter$AquaSingleImagePainter.paintFromSingleCachedImage(Ljava/awt/Graphics2D;Lapple/laf/JRSUIControl;Lapple/laf/JRSUIState;Ljava/awt/Rectangle;)V+166
j  com.apple.laf.AquaPainter$AquaSingleImagePainter.paint(Ljava/awt/Graphics2D;Lapple/laf/JRSUIState;)V+10
j  com.apple.laf.AquaPainter.paint(Ljava/awt/Graphics;Ljava/awt/Component;IIII)V+40
j  com.apple.laf.AquaButtonBorder.doButtonPaint(Ljavax/swing/AbstractButton;Ljavax/swing/ButtonModel;Ljava/awt/Graphics;IIII)V+14
j  com.apple.laf.AquaButtonBorder$Named.doButtonPaint(Ljavax/swing/AbstractButton;Ljavax/swing/ButtonModel;Ljava/awt/Graphics;IIII)V+40
j  com.apple.laf.AquaButtonBorder.paintButton(Ljava/awt/Component;Ljava/awt/Graphics;IIII)V+159
j  com.apple.laf.AquaButtonUI.paint(Ljava/awt/Graphics;Ljavax/swing/JComponent;)V+149
j  javax.swing.plaf.ComponentUI.update(Ljava/awt/Graphics;Ljavax/swing/JComponent;)V+32
j  javax.swing.JComponent.paintComponent(Ljava/awt/Graphics;)V+26
j  javax.swing.JComponent.paint(Ljava/awt/Graphics;)V+286
j  javax.swing.JComponent.paintChildren(Ljava/awt/Graphics;)V+501
j  javax.swing.JComponent.paint(Ljava/awt/Graphics;)V+318
j  javax.swing.JComponent.paintToOffscreen(Ljava/awt/Graphics;IIIIII)V+41
j  javax.swing.RepaintManager$PaintManager.paintDoubleBuffered(Ljavax/swing/JComponent;Ljava/awt/Image;Ljava/awt/Graphics;IIII)V+163
j  javax.swing.RepaintManager$PaintManager.paint(Ljavax/swing/JComponent;Ljavax/swing/JComponent;Ljava/awt/Graphics;IIII)Z+116
j  javax.swing.RepaintManager.paint(Ljavax/swing/JComponent;Ljavax/swing/JComponent;Ljava/awt/Graphics;IIII)V+52
j  javax.swing.JComponent._paintImmediately(IIII)V+683
j  javax.swing.JComponent.paintImmediately(IIII)V+138
j  javax.swing.RepaintManager$3.run()Ljava/lang/Void;+75
j  javax.swing.RepaintManager$3.run()Ljava/lang/Object;+1
v  ~StubRoutines::call_stub
V  [libjvm.dylib+0x2d6bb0]
V  [libjvm.dylib+0x2d6980]
V  [libjvm.dylib+0x32a264]
j  java.security.AccessController.doPrivileged(Ljava/security/PrivilegedAction;Ljava/security/AccessControlContext;)Ljava/lang/Object;+0
j  java.security.ProtectionDomain$1.doIntersectionPrivilege(Ljava/security/PrivilegedAction;Ljava/security/AccessControlContext;Ljava/security/AccessControlContext;)Ljava/lang/Object;+28
j  javax.swing.RepaintManager.paintDirtyRegions(Ljava/util/Map;)V+154
j  javax.swing.RepaintManager.paintDirtyRegions()V+46
j  javax.swing.RepaintManager.prePaintDirtyRegions()V+73
j  javax.swing.RepaintManager.access$1100(Ljavax/swing/RepaintManager;)V+1
j  javax.swing.RepaintManager$ProcessingRunnable.run()V+37
j  java.awt.event.InvocationEvent.dispatch()V+47
j  java.awt.EventQueue.dispatchEventImpl(Ljava/awt/AWTEvent;Ljava/lang/Object;)V+21
j  java.awt.EventQueue.access$200(Ljava/awt/EventQueue;Ljava/awt/AWTEvent;Ljava/lang/Object;)V+3
j  java.awt.EventQueue$3.run()Ljava/lang/Void;+12
j  java.awt.EventQueue$3.run()Ljava/lang/Object;+1
v  ~StubRoutines::call_stub
V  [libjvm.dylib+0x2d6bb0]
V  [libjvm.dylib+0x2d6980]
V  [libjvm.dylib+0x32a264]
j  java.security.AccessController.doPrivileged(Ljava/security/PrivilegedAction;Ljava/security/AccessControlContext;)Ljava/lang/Object;+0
j  java.security.ProtectionDomain$1.doIntersectionPrivilege(Ljava/security/PrivilegedAction;Ljava/security/AccessControlContext;Ljava/security/AccessControlContext;)Ljava/lang/Object;+28
j  java.awt.EventQueue.dispatchEvent(Ljava/awt/AWTEvent;)V+46
j  java.awt.EventDispatchThread.pumpOneEventForFilters(I)V+245
j  java.awt.EventDispatchThread.pumpEventsForFilter(ILjava/awt/Conditional;Ljava/awt/EventFilter;)V+35
j  java.awt.EventDispatchThread.pumpEventsForHierarchy(ILjava/awt/Conditional;Ljava/awt/Component;)V+11
j  java.awt.EventDispatchThread.pumpEvents(ILjava/awt/Conditional;)V+4
j  java.awt.EventDispatchThread.pumpEvents(Ljava/awt/Conditional;)V+3
j  java.awt.EventDispatchThread.run()V+9
v  ~StubRoutines::call_stub
V  [libjvm.dylib+0x2d6bb0]
V  [libjvm.dylib+0x2d70c7]
V  [libjvm.dylib+0x2d7204]
V  [libjvm.dylib+0x3261ea]
V  [libjvm.dylib+0x4efb57]
V  [libjvm.dylib+0x4f125f]
V  [libjvm.dylib+0x41b1d6]
C  [libsystem_pthread.dylib+0x405a]  _pthread_body+0x83
C  [libsystem_pthread.dylib+0x3fd7]  _pthread_body+0x0
C  [libsystem_pthread.dylib+0x13ed]  thread_start+0xd

Java frames: (J=compiled Java code, j=interpreted, Vv=VM code)
j  apple.laf.JRSUIControl.paintImage([IIIJJJDDDD)I+0
j  apple.laf.JRSUIControl.paintImage([IIIDDDD)I+33
j  apple.laf.JRSUIControl.paint([IIIDDDD)V+12
j  com.apple.laf.AquaPainter$AquaSingleImagePainter.paintFromSingleCachedImage(Ljava/awt/Graphics2D;Lapple/laf/JRSUIControl;Lapple/laf/JRSUIState;Ljava/awt/Rectangle;)V+166
j  com.apple.laf.AquaPainter$AquaSingleImagePainter.paint(Ljava/awt/Graphics2D;Lapple/laf/JRSUIState;)V+10
j  com.apple.laf.AquaPainter.paint(Ljava/awt/Graphics;Ljava/awt/Component;IIII)V+40
j  com.apple.laf.AquaButtonBorder.doButtonPaint(Ljavax/swing/AbstractButton;Ljavax/swing/ButtonModel;Ljava/awt/Graphics;IIII)V+14
j  com.apple.laf.AquaButtonBorder$Named.doButtonPaint(Ljavax/swing/AbstractButton;Ljavax/swing/ButtonModel;Ljava/awt/Graphics;IIII)V+40
j  com.apple.laf.AquaButtonBorder.paintButton(Ljava/awt/Component;Ljava/awt/Graphics;IIII)V+159
j  com.apple.laf.AquaButtonUI.paint(Ljava/awt/Graphics;Ljavax/swing/JComponent;)V+149
j  javax.swing.plaf.ComponentUI.update(Ljava/awt/Graphics;Ljavax/swing/JComponent;)V+32
j  javax.swing.JComponent.paintComponent(Ljava/awt/Graphics;)V+26
j  javax.swing.JComponent.paint(Ljava/awt/Graphics;)V+286
j  javax.swing.JComponent.paintChildren(Ljava/awt/Graphics;)V+501
j  javax.swing.JComponent.paint(Ljava/awt/Graphics;)V+318
j  javax.swing.JComponent.paintToOffscreen(Ljava/awt/Graphics;IIIIII)V+41
j  javax.swing.RepaintManager$PaintManager.paintDoubleBuffered(Ljavax/swing/JComponent;Ljava/awt/Image;Ljava/awt/Graphics;IIII)V+163
j  javax.swing.RepaintManager$PaintManager.paint(Ljavax/swing/JComponent;Ljavax/swing/JComponent;Ljava/awt/Graphics;IIII)Z+116
j  javax.swing.RepaintManager.paint(Ljavax/swing/JComponent;Ljavax/swing/JComponent;Ljava/awt/Graphics;IIII)V+52
j  javax.swing.JComponent._paintImmediately(IIII)V+683
j  javax.swing.JComponent.paintImmediately(IIII)V+138
j  javax.swing.RepaintManager$3.run()Ljava/lang/Void;+75
j  javax.swing.RepaintManager$3.run()Ljava/lang/Object;+1
v  ~StubRoutines::call_stub
j  java.security.AccessController.doPrivileged(Ljava/security/PrivilegedAction;Ljava/security/AccessControlContext;)Ljava/lang/Object;+0
j  java.security.ProtectionDomain$1.doIntersectionPrivilege(Ljava/security/PrivilegedAction;Ljava/security/AccessControlContext;Ljava/security/AccessControlContext;)Ljava/lang/Object;+28
j  javax.swing.RepaintManager.paintDirtyRegions(Ljava/util/Map;)V+154
j  javax.swing.RepaintManager.paintDirtyRegions()V+46
j  javax.swing.RepaintManager.prePaintDirtyRegions()V+73
j  javax.swing.RepaintManager.access$1100(Ljavax/swing/RepaintManager;)V+1
j  javax.swing.RepaintManager$ProcessingRunnable.run()V+37
j  java.awt.event.InvocationEvent.dispatch()V+47
j  java.awt.EventQueue.dispatchEventImpl(Ljava/awt/AWTEvent;Ljava/lang/Object;)V+21
j  java.awt.EventQueue.access$200(Ljava/awt/EventQueue;Ljava/awt/AWTEvent;Ljava/lang/Object;)V+3
j  java.awt.EventQueue$3.run()Ljava/lang/Void;+12
j  java.awt.EventQueue$3.run()Ljava/lang/Object;+1
v  ~StubRoutines::call_stub
j  java.security.AccessController.doPrivileged(Ljava/security/PrivilegedAction;Ljava/security/AccessControlContext;)Ljava/lang/Object;+0
j  java.security.ProtectionDomain$1.doIntersectionPrivilege(Ljava/security/PrivilegedAction;Ljava/security/AccessControlContext;Ljava/security/AccessControlContext;)Ljava/lang/Object;+28
j  java.awt.EventQueue.dispatchEvent(Ljava/awt/AWTEvent;)V+46
j  java.awt.EventDispatchThread.pumpOneEventForFilters(I)V+245
j  java.awt.EventDispatchThread.pumpEventsForFilter(ILjava/awt/Conditional;Ljava/awt/EventFilter;)V+35
j  java.awt.EventDispatchThread.pumpEventsForHierarchy(ILjava/awt/Conditional;Ljava/awt/Component;)V+11
j  java.awt.EventDispatchThread.pumpEvents(ILjava/awt/Conditional;)V+4
j  java.awt.EventDispatchThread.pumpEvents(Ljava/awt/Conditional;)V+3
j  java.awt.EventDispatchThread.run()V+9
v  ~StubRoutines::call_stub

---------------  P R O C E S S  ---------------

Java Threads: ( => current thread )
=>0x00007fb56a9ad800 JavaThread "AWT-EventQueue-0" [_thread_in_native, id=51971, stack(0x000000011dadd000,0x000000011dbdd000)]
  0x00007fb56a9a8000 JavaThread "Image Fetcher 0" daemon [_thread_blocked, id=51459, stack(0x000000011d9da000,0x000000011dada000)]
  0x00007fb56b8fc000 JavaThread "TimerQueue" daemon [_thread_blocked, id=50955, stack(0x000000011d8d7000,0x000000011d9d7000)]
  0x00007fb56a9b0000 JavaThread "Java2D Disposer" daemon [_thread_blocked, id=50711, stack(0x000000011d7d4000,0x000000011d8d4000)]
  0x00007fb56b8c4800 JavaThread "Java2D Queue Flusher" daemon [_thread_blocked, id=48395, stack(0x000000011c543000,0x000000011c643000)]
  0x00007fb56a8f9800 JavaThread "AWT-Shutdown" [_thread_blocked, id=27923, stack(0x0000000118fe3000,0x00000001190e3000)]
  0x00007fb56b010000 JavaThread "AppKit Thread" daemon [_thread_in_native, id=8207, stack(0x00007fff550ea000,0x00007fff5516a000)]
  0x00007fb56b81c800 JavaThread "Service Thread" daemon [_thread_blocked, id=17667, stack(0x00000001173f4000,0x00000001174f4000)]
  0x00007fb56b81a000 JavaThread "C2 CompilerThread1" daemon [_thread_in_native, id=17155, stack(0x00000001172f1000,0x00000001173f1000)]
  0x00007fb56a85e000 JavaThread "C2 CompilerThread0" daemon [_thread_in_native, id=16643, stack(0x00000001171ee000,0x00000001172ee000)]
  0x00007fb56a85d000 JavaThread "Signal Dispatcher" daemon [_thread_blocked, id=13335, stack(0x00000001170eb000,0x00000001171eb000)]
  0x00007fb56a84e800 JavaThread "Finalizer" daemon [_thread_blocked, id=11523, stack(0x00000001156c0000,0x00000001157c0000)]
  0x00007fb56a84c000 JavaThread "Reference Handler" daemon [_thread_blocked, id=11011, stack(0x00000001155bd000,0x00000001156bd000)]
  0x00007fb56b801000 JavaThread "main" [_thread_in_Java, id=3847, stack(0x000000010be54000,0x000000010bf54000)]

Other Threads:
  0x00007fb56b005800 VMThread [stack: 0x00000001154ba000,0x00000001155ba000] [id=10499]
  0x00007fb56b816800 WatcherThread [stack: 0x00000001174f7000,0x00000001175f7000] [id=18179]

VM state:not at safepoint (normal execution)

VM Mutex/Monitor currently owned by a thread: None

Heap
 PSYoungGen      total 38912K, used 12551K [0x00000007d5500000, 0x00000007da100000, 0x0000000800000000)
  eden space 33792K, 22% used [0x00000007d5500000,0x00000007d5c42e98,0x00000007d7600000)
  from space 5120K, 99% used [0x00000007d7600000,0x00000007d7aff068,0x00000007d7b00000)
  to   space 5120K, 0% used [0x00000007d9c00000,0x00000007d9c00000,0x00000007da100000)
 ParOldGen       total 87040K, used 7765K [0x0000000780000000, 0x0000000785500000, 0x00000007d5500000)
  object space 87040K, 8% used [0x0000000780000000,0x0000000780795650,0x0000000785500000)
 PSPermGen       total 21504K, used 12798K [0x000000077ae00000, 0x000000077c300000, 0x0000000780000000)
  object space 21504K, 59% used [0x000000077ae00000,0x000000077ba7fba0,0x000000077c300000)

Card table byte_map: [0x000000010f016000,0x000000010f440000] byte_map_base: 0x000000010b43f000

Polling page: 0x000000010abe8000

Code Cache  [0x000000010bf56000, 0x000000010c1c6000, 0x000000010ef56000)
 total_blobs=515 nmethods=68 adapters=401 free_code_cache=48498Kb largest_free_block=49635392

Compilation events (10 events):
Event: 1.356 Thread 0x00007fb56b81a000 nmethod 62 0x000000010bfee990 code [0x000000010bfeeae0, 0x000000010bfeebf8]
Event: 1.356 Thread 0x00007fb56b81a000   64  s          java.lang.StringBuffer::toString (17 bytes)
Event: 1.359 Thread 0x00007fb56a85e000 nmethod 63 0x000000010bff1b10 code [0x000000010bff1c60, 0x000000010bff1f98]
Event: 1.359 Thread 0x00007fb56a85e000   65             java.lang.AbstractStringBuilder::append (62 bytes)
Event: 1.361 Thread 0x00007fb56b81a000 nmethod 64 0x000000010bff9610 code [0x000000010bff9780, 0x000000010bff9d38]
Event: 1.361 Thread 0x00007fb56b81a000   66             java.lang.StringBuffer::<init> (7 bytes)
Event: 1.362 Thread 0x00007fb56b81a000 nmethod 66 0x000000010bff1810 code [0x000000010bff1960, 0x000000010bff1a58]
Event: 1.362 Thread 0x00007fb56b81a000   67   !         SimulatorsGUI.ROMComponent::translateValueToString (34 bytes)
Event: 1.368 Thread 0x00007fb56a85e000 nmethod 65 0x000000010bff8dd0 code [0x000000010bff8f40, 0x000000010bff9378]
Event: 1.368 Thread 0x00007fb56a85e000   68             Hack.Assembler.HackAssemblerTranslator::codeToText (133 bytes)

GC Heap History (2 events):
Event: 1.368 GC heap before
{Heap before GC invocations=1 (full 0):
 PSYoungGen      total 38912K, used 33792K [0x00000007d5500000, 0x00000007d8000000, 0x0000000800000000)
  eden space 33792K, 100% used [0x00000007d5500000,0x00000007d7600000,0x00000007d7600000)
  from space 5120K, 0% used [0x00000007d7b00000,0x00000007d7b00000,0x00000007d8000000)
  to   space 5120K, 0% used [0x00000007d7600000,0x00000007d7600000,0x00000007d7b00000)
 ParOldGen       total 87040K, used 0K [0x0000000780000000, 0x0000000785500000, 0x00000007d5500000)
  object space 87040K, 0% used [0x0000000780000000,0x0000000780000000,0x0000000785500000)
 PSPermGen       total 21504K, used 12798K [0x000000077ae00000, 0x000000077c300000, 0x0000000780000000)
  object space 21504K, 59% used [0x000000077ae00000,0x000000077ba7f9f8,0x000000077c300000)
Event: 1.383 GC heap after
Heap after GC invocations=1 (full 0):
 PSYoungGen      total 38912K, used 5116K [0x00000007d5500000, 0x00000007da100000, 0x0000000800000000)
  eden space 33792K, 0% used [0x00000007d5500000,0x00000007d5500000,0x00000007d7600000)
  from space 5120K, 99% used [0x00000007d7600000,0x00000007d7aff068,0x00000007d7b00000)
  to   space 5120K, 0% used [0x00000007d9c00000,0x00000007d9c00000,0x00000007da100000)
 ParOldGen       total 87040K, used 7765K [0x0000000780000000, 0x0000000785500000, 0x00000007d5500000)
  object space 87040K, 8% used [0x0000000780000000,0x0000000780795650,0x0000000785500000)
 PSPermGen       total 21504K, used 12798K [0x000000077ae00000, 0x000000077c300000, 0x0000000780000000)
  object space 21504K, 59% used [0x000000077ae00000,0x000000077ba7f9f8,0x000000077c300000)
}

Deoptimization events (10 events):
Event: 0.342 Thread 0x00007fb56b801000 Uncommon trap: reason=unloaded action=reinterpret pc=0x000000010bfcc418 method=SimulatorsGUI.ScreenComponent.<init>()V @ 230
Event: 1.228 Thread 0x00007fb56b801000 Uncommon trap: reason=class_check action=maybe_recompile pc=0x000000010bfc8290 method=java.lang.String.equals(Ljava/lang/Object;)Z @ 8
Event: 1.228 Thread 0x00007fb56b801000 Uncommon trap: reason=class_check action=maybe_recompile pc=0x000000010bfc8290 method=java.lang.String.equals(Ljava/lang/Object;)Z @ 8
Event: 1.228 Thread 0x00007fb56b801000 Uncommon trap: reason=class_check action=maybe_recompile pc=0x000000010bfc8290 method=java.lang.String.equals(Ljava/lang/Object;)Z @ 8
Event: 1.228 Thread 0x00007fb56b801000 Uncommon trap: reason=class_check action=maybe_recompile pc=0x000000010bfc8290 method=java.lang.String.equals(Ljava/lang/Object;)Z @ 8
Event: 1.296 Thread 0x00007fb56a9ad800 Uncommon trap: reason=unloaded action=reinterpret pc=0x000000010bfd8000 method=java.lang.CharacterData.of(I)Ljava/lang/CharacterData; @ 96
Event: 1.339 Thread 0x00007fb56b801000 Uncommon trap: reason=class_check action=maybe_recompile pc=0x000000010bff7c58 method=HackGUI.MemoryComponent.setContents([S)V @ 73
Event: 1.342 Thread 0x00007fb56b801000 Uncommon trap: reason=class_check action=maybe_recompile pc=0x000000010bff7c58 method=HackGUI.MemoryComponent.setContents([S)V @ 73
Event: 1.344 Thread 0x00007fb56b801000 Uncommon trap: reason=class_check action=maybe_recompile pc=0x000000010bff7c58 method=HackGUI.MemoryComponent.setContents([S)V @ 73
Event: 1.346 Thread 0x00007fb56b801000 Uncommon trap: reason=class_check action=maybe_recompile pc=0x000000010bff7c58 method=HackGUI.MemoryComponent.setContents([S)V @ 73

Internal exceptions (10 events):
Event: 1.162 Thread 0x00007fb56b801000 Threw 0x00000007d6b21388 at /HUDSON/workspace/7u-2-build-macosx-x86_64/jdk7u51/527/hotspot/src/share/vm/prims/jvm.cpp:1244
Event: 1.281 Thread 0x00007fb56b801000 Threw 0x00000007d6b34040 at /HUDSON/workspace/7u-2-build-macosx-x86_64/jdk7u51/527/hotspot/src/share/vm/prims/jvm.cpp:1244
Event: 1.282 Thread 0x00007fb56b801000 Threw 0x00000007d6b38578 at /HUDSON/workspace/7u-2-build-macosx-x86_64/jdk7u51/527/hotspot/src/share/vm/prims/jvm.cpp:1244
Event: 1.283 Thread 0x00007fb56b801000 Threw 0x00000007d6b3d0d8 at /HUDSON/workspace/7u-2-build-macosx-x86_64/jdk7u51/527/hotspot/src/share/vm/prims/jvm.cpp:1244
Event: 1.283 Thread 0x00007fb56b801000 Threw 0x00000007d6b40f10 at /HUDSON/workspace/7u-2-build-macosx-x86_64/jdk7u51/527/hotspot/src/share/vm/prims/jvm.cpp:1244
Event: 1.284 Thread 0x00007fb56b801000 Threw 0x00000007d6b45fe8 at /HUDSON/workspace/7u-2-build-macosx-x86_64/jdk7u51/527/hotspot/src/share/vm/prims/jvm.cpp:1244
Event: 1.284 Thread 0x00007fb56b801000 Threw 0x00000007d6b4bd08 at /HUDSON/workspace/7u-2-build-macosx-x86_64/jdk7u51/527/hotspot/src/share/vm/prims/jvm.cpp:1244
Event: 1.284 Thread 0x00007fb56b801000 Threw 0x00000007d6b50860 at /HUDSON/workspace/7u-2-build-macosx-x86_64/jdk7u51/527/hotspot/src/share/vm/prims/jvm.cpp:1244
Event: 1.285 Thread 0x00007fb56b801000 Threw 0x00000007d6b54780 at /HUDSON/workspace/7u-2-build-macosx-x86_64/jdk7u51/527/hotspot/src/share/vm/prims/jvm.cpp:1244
Event: 1.285 Thread 0x00007fb56b801000 Threw 0x00000007d6b592d8 at /HUDSON/workspace/7u-2-build-macosx-x86_64/jdk7u51/527/hotspot/src/share/vm/prims/jvm.cpp:1244

Events (10 events):
Event: 1.366 loading class 0x00007fb56c0d8530
Event: 1.367 loading class 0x00007fb56c0d8530 done
Event: 1.367 loading class 0x00007fb56a8acc60
Event: 1.367 loading class 0x00007fb56a8acc60 done
Event: 1.367 loading class 0x00007fb56a87ec70
Event: 1.367 loading class 0x00007fb56a8ad2a0
Event: 1.367 loading class 0x00007fb56a8ad2a0 done
Event: 1.367 loading class 0x00007fb56a87ec70 done
Event: 1.368 Executing VM operation: ParallelGCFailedAllocation
Event: 1.383 Executing VM operation: ParallelGCFailedAllocation done


Dynamic libraries:
0x000000000d772000 	/System/Library/Frameworks/Cocoa.framework/Versions/A/Cocoa
0x000000000d772000 	/System/Library/Frameworks/Security.framework/Versions/A/Security
0x000000000d772000 	/System/Library/Frameworks/ApplicationServices.framework/Versions/A/ApplicationServices
0x000000000d772000 	/usr/lib/libz.1.dylib
0x000000000d772000 	/usr/lib/libSystem.B.dylib
0x000000000d772000 	/usr/lib/libobjc.A.dylib
0x000000000d772000 	/System/Library/Frameworks/CoreFoundation.framework/Versions/A/CoreFoundation
0x000000000d772000 	/System/Library/Frameworks/Foundation.framework/Versions/C/Foundation
0x000000000d772000 	/System/Library/Frameworks/AppKit.framework/Versions/C/AppKit
0x000000000d772000 	/System/Library/Frameworks/CoreData.framework/Versions/A/CoreData
0x000000000d772000 	/System/Library/PrivateFrameworks/RemoteViewServices.framework/Versions/A/RemoteViewServices
0x000000000d772000 	/System/Library/PrivateFrameworks/UIFoundation.framework/Versions/A/UIFoundation
0x000000000d772000 	/System/Library/Frameworks/IOSurface.framework/Versions/A/IOSurface
0x000000000d772000 	/System/Library/Frameworks/AudioToolbox.framework/Versions/A/AudioToolbox
0x000000000d772000 	/System/Library/Frameworks/AudioUnit.framework/Versions/A/AudioUnit
0x000000000d772000 	/System/Library/PrivateFrameworks/DataDetectorsCore.framework/Versions/A/DataDetectorsCore
0x000000000d772000 	/System/Library/PrivateFrameworks/DesktopServicesPriv.framework/Versions/A/DesktopServicesPriv
0x000000000d772000 	/System/Library/Frameworks/Carbon.framework/Versions/A/Frameworks/HIToolbox.framework/Versions/A/HIToolbox
0x000000000d772000 	/System/Library/Frameworks/QuartzCore.framework/Versions/A/QuartzCore
0x000000000d772000 	/System/Library/Frameworks/Carbon.framework/Versions/A/Frameworks/SpeechRecognition.framework/Versions/A/SpeechRecognition
0x000000000d772000 	/usr/lib/libauto.dylib
0x000000000d772000 	/usr/lib/libicucore.A.dylib
0x000000000d772000 	/usr/lib/libxml2.2.dylib
0x000000000d772000 	/System/Library/PrivateFrameworks/CoreUI.framework/Versions/A/CoreUI
0x000000000d772000 	/System/Library/Frameworks/CoreAudio.framework/Versions/A/CoreAudio
0x000000000d772000 	/System/Library/Frameworks/DiskArbitration.framework/Versions/A/DiskArbitration
0x000000000d772000 	/usr/lib/liblangid.dylib
0x000000000d772000 	/System/Library/PrivateFrameworks/MultitouchSupport.framework/Versions/A/MultitouchSupport
0x000000000d772000 	/System/Library/Frameworks/IOKit.framework/Versions/A/IOKit
0x000000000d772000 	/usr/lib/libDiagnosticMessagesClient.dylib
0x000000000d772000 	/System/Library/Frameworks/CoreServices.framework/Versions/A/CoreServices
0x000000000d772000 	/System/Library/PrivateFrameworks/PerformanceAnalysis.framework/Versions/A/PerformanceAnalysis
0x000000000d772000 	/System/Library/PrivateFrameworks/GenerationalStorage.framework/Versions/A/GenerationalStorage
0x000000000d772000 	/System/Library/Frameworks/OpenGL.framework/Versions/A/OpenGL
0x000000000d772000 	/System/Library/PrivateFrameworks/Sharing.framework/Versions/A/Sharing
0x000000000d772000 	/System/Library/Frameworks/CoreGraphics.framework/Versions/A/CoreGraphics
0x000000000d772000 	/System/Library/Frameworks/CoreText.framework/Versions/A/CoreText
0x000000000d772000 	/System/Library/Frameworks/ImageIO.framework/Versions/A/ImageIO
0x000000000d772000 	/usr/lib/libextension.dylib
0x000000000d772000 	/System/Library/PrivateFrameworks/Backup.framework/Versions/A/Backup
0x000000000d772000 	/usr/lib/libarchive.2.dylib
0x000000000d772000 	/System/Library/Frameworks/CFNetwork.framework/Versions/A/CFNetwork
0x000000000d772000 	/System/Library/Frameworks/SystemConfiguration.framework/Versions/A/SystemConfiguration
0x000000000d772000 	/usr/lib/libCRFSuite.dylib
0x000000000d772000 	/usr/lib/libc++.1.dylib
0x000000000d772000 	/usr/lib/libc++abi.dylib
0x000000000d772000 	/usr/lib/system/libcache.dylib
0x000000000d772000 	/usr/lib/system/libcommonCrypto.dylib
0x000000000d772000 	/usr/lib/system/libcompiler_rt.dylib
0x000000000d772000 	/usr/lib/system/libcopyfile.dylib
0x000000000d772000 	/usr/lib/system/libcorecrypto.dylib
0x000000000d772000 	/usr/lib/system/libdispatch.dylib
0x000000000d772000 	/usr/lib/system/libdyld.dylib
0x000000000d772000 	/usr/lib/system/libkeymgr.dylib
0x000000000d772000 	/usr/lib/system/liblaunch.dylib
0x000000000d772000 	/usr/lib/system/libmacho.dylib
0x000000000d772000 	/usr/lib/system/libquarantine.dylib
0x000000000d772000 	/usr/lib/system/libremovefile.dylib
0x000000000d772000 	/usr/lib/system/libsystem_asl.dylib
0x000000000d772000 	/usr/lib/system/libsystem_blocks.dylib
0x000000000d772000 	/usr/lib/system/libsystem_c.dylib
0x000000000d772000 	/usr/lib/system/libsystem_configuration.dylib
0x000000000d772000 	/usr/lib/system/libsystem_coreservices.dylib
0x000000000d772000 	/usr/lib/system/libsystem_coretls.dylib
0x000000000d772000 	/usr/lib/system/libsystem_dnssd.dylib
0x000000000d772000 	/usr/lib/system/libsystem_info.dylib
0x000000000d772000 	/usr/lib/system/libsystem_kernel.dylib
0x000000000d772000 	/usr/lib/system/libsystem_m.dylib
0x000000000d772000 	/usr/lib/system/libsystem_malloc.dylib
0x000000000d772000 	/usr/lib/system/libsystem_network.dylib
0x000000000d772000 	/usr/lib/system/libsystem_networkextension.dylib
0x000000000d772000 	/usr/lib/system/libsystem_notify.dylib
0x000000000d772000 	/usr/lib/system/libsystem_platform.dylib
0x000000000d772000 	/usr/lib/system/libsystem_pthread.dylib
0x000000000d772000 	/usr/lib/system/libsystem_sandbox.dylib
0x000000000d772000 	/usr/lib/system/libsystem_secinit.dylib
0x000000000d772000 	/usr/lib/system/libsystem_stats.dylib
0x000000000d772000 	/usr/lib/system/libsystem_trace.dylib
0x000000000d772000 	/usr/lib/system/libunc.dylib
0x000000000d772000 	/usr/lib/system/libunwind.dylib
0x000000000d772000 	/usr/lib/system/libxpc.dylib
0x000000000d772000 	/usr/lib/libbz2.1.0.dylib
0x000000000d772000 	/usr/lib/liblzma.5.dylib
0x000000000d772000 	/usr/lib/libbsm.0.dylib
0x000000000d772000 	/usr/lib/libsqlite3.dylib
0x000000000d772000 	/usr/lib/system/libkxld.dylib
0x000000000d772000 	/usr/lib/libxar.1.dylib
0x000000000d772000 	/usr/lib/libpam.2.dylib
0x000000000d772000 	/usr/lib/libOpenScriptingUtil.dylib
0x000000000d772000 	/System/Library/Frameworks/CoreServices.framework/Versions/A/Frameworks/FSEvents.framework/Versions/A/FSEvents
0x000000000d772000 	/System/Library/Frameworks/CoreServices.framework/Versions/A/Frameworks/CarbonCore.framework/Versions/A/CarbonCore
0x000000000d772000 	/System/Library/Frameworks/CoreServices.framework/Versions/A/Frameworks/Metadata.framework/Versions/A/Metadata
0x000000000d772000 	/System/Library/Frameworks/CoreServices.framework/Versions/A/Frameworks/OSServices.framework/Versions/A/OSServices
0x000000000d772000 	/System/Library/Frameworks/CoreServices.framework/Versions/A/Frameworks/SearchKit.framework/Versions/A/SearchKit
0x000000000d772000 	/System/Library/Frameworks/CoreServices.framework/Versions/A/Frameworks/AE.framework/Versions/A/AE
0x000000000d772000 	/System/Library/Frameworks/CoreServices.framework/Versions/A/Frameworks/LaunchServices.framework/Versions/A/LaunchServices
0x000000000d772000 	/System/Library/Frameworks/CoreServices.framework/Versions/A/Frameworks/DictionaryServices.framework/Versions/A/DictionaryServices
0x000000000d772000 	/System/Library/Frameworks/NetFS.framework/Versions/A/NetFS
0x000000000d772000 	/System/Library/PrivateFrameworks/NetAuth.framework/Versions/A/NetAuth
0x000000000d772000 	/System/Library/PrivateFrameworks/login.framework/Versions/A/Frameworks/loginsupport.framework/Versions/A/loginsupport
0x000000000d772000 	/System/Library/PrivateFrameworks/TCC.framework/Versions/A/TCC
0x000000000d772000 	/usr/lib/libmecabra.dylib
0x000000000d772000 	/System/Library/Frameworks/ApplicationServices.framework/Versions/A/Frameworks/ATS.framework/Versions/A/ATS
0x000000000d772000 	/System/Library/Frameworks/ApplicationServices.framework/Versions/A/Frameworks/ColorSync.framework/Versions/A/ColorSync
0x000000000d772000 	/System/Library/Frameworks/ApplicationServices.framework/Versions/A/Frameworks/HIServices.framework/Versions/A/HIServices
0x000000000d772000 	/System/Library/Frameworks/ApplicationServices.framework/Versions/A/Frameworks/LangAnalysis.framework/Versions/A/LangAnalysis
0x000000000d772000 	/System/Library/Frameworks/ApplicationServices.framework/Versions/A/Frameworks/PrintCore.framework/Versions/A/PrintCore
0x000000000d772000 	/System/Library/Frameworks/ApplicationServices.framework/Versions/A/Frameworks/QD.framework/Versions/A/QD
0x000000000d772000 	/System/Library/Frameworks/ApplicationServices.framework/Versions/A/Frameworks/SpeechSynthesis.framework/Versions/A/SpeechSynthesis
0x000000000d772000 	/System/Library/Frameworks/Accelerate.framework/Versions/A/Accelerate
0x000000000d772000 	/System/Library/Frameworks/Accelerate.framework/Versions/A/Frameworks/vImage.framework/Versions/A/vImage
0x000000000d772000 	/System/Library/Frameworks/Accelerate.framework/Versions/A/Frameworks/vecLib.framework/Versions/A/vecLib
0x000000000d772000 	/System/Library/Frameworks/Accelerate.framework/Versions/A/Frameworks/vecLib.framework/Versions/A/libvDSP.dylib
0x000000000d772000 	/System/Library/Frameworks/Accelerate.framework/Versions/A/Frameworks/vecLib.framework/Versions/A/libvMisc.dylib
0x000000000d772000 	/System/Library/Frameworks/Accelerate.framework/Versions/A/Frameworks/vecLib.framework/Versions/A/libLAPACK.dylib
0x000000000d772000 	/System/Library/Frameworks/Accelerate.framework/Versions/A/Frameworks/vecLib.framework/Versions/A/libBLAS.dylib
0x000000000d772000 	/System/Library/Frameworks/Accelerate.framework/Versions/A/Frameworks/vecLib.framework/Versions/A/libLinearAlgebra.dylib
0x000000000d772000 	/System/Library/Frameworks/ApplicationServices.framework/Versions/A/Frameworks/ATS.framework/Versions/A/Resources/libFontParser.dylib
0x000000000d772000 	/System/Library/Frameworks/ApplicationServices.framework/Versions/A/Frameworks/ATS.framework/Versions/A/Resources/libFontRegistry.dylib
0x000000000d772000 	/System/Library/PrivateFrameworks/AppleVPA.framework/Versions/A/AppleVPA
0x000000000d772000 	/System/Library/PrivateFrameworks/AppleJPEG.framework/Versions/A/AppleJPEG
0x000000000d772000 	/System/Library/Frameworks/ImageIO.framework/Versions/A/Resources/libJPEG.dylib
0x000000000d772000 	/System/Library/Frameworks/ImageIO.framework/Versions/A/Resources/libTIFF.dylib
0x000000000d772000 	/System/Library/Frameworks/ImageIO.framework/Versions/A/Resources/libPng.dylib
0x000000000d772000 	/System/Library/Frameworks/ImageIO.framework/Versions/A/Resources/libGIF.dylib
0x000000000d772000 	/System/Library/Frameworks/ImageIO.framework/Versions/A/Resources/libJP2.dylib
0x000000000d772000 	/System/Library/Frameworks/ImageIO.framework/Versions/A/Resources/libRadiance.dylib
0x000000000d772000 	/System/Library/Frameworks/CoreVideo.framework/Versions/A/CoreVideo
0x000000000d772000 	/System/Library/Frameworks/OpenGL.framework/Versions/A/Libraries/libGLU.dylib
0x000000000d772000 	/System/Library/Frameworks/OpenGL.framework/Versions/A/Libraries/libGFXShared.dylib
0x000000000d772000 	/System/Library/Frameworks/OpenGL.framework/Versions/A/Libraries/libGL.dylib
0x000000000d772000 	/System/Library/Frameworks/OpenGL.framework/Versions/A/Libraries/libGLImage.dylib
0x000000000d772000 	/System/Library/Frameworks/OpenGL.framework/Versions/A/Libraries/libCVMSPluginSupport.dylib
0x000000000d772000 	/System/Library/Frameworks/OpenGL.framework/Versions/A/Libraries/libCoreVMClient.dylib
0x000000000d772000 	/usr/lib/libcups.2.dylib
0x000000000d772000 	/System/Library/Frameworks/Kerberos.framework/Versions/A/Kerberos
0x000000000d772000 	/System/Library/Frameworks/GSS.framework/Versions/A/GSS
0x000000000d772000 	/usr/lib/libresolv.9.dylib
0x000000000d772000 	/usr/lib/libiconv.2.dylib
0x000000000d772000 	/System/Library/PrivateFrameworks/Heimdal.framework/Versions/A/Heimdal
0x000000000d772000 	/usr/lib/libheimdal-asn1.dylib
0x000000000d772000 	/System/Library/Frameworks/OpenDirectory.framework/Versions/A/OpenDirectory
0x000000000d772000 	/System/Library/PrivateFrameworks/CommonAuth.framework/Versions/A/CommonAuth
0x000000000d772000 	/System/Library/Frameworks/OpenDirectory.framework/Versions/A/Frameworks/CFOpenDirectory.framework/Versions/A/CFOpenDirectory
0x000000000d772000 	/System/Library/Frameworks/SecurityFoundation.framework/Versions/A/SecurityFoundation
0x000000000d772000 	/System/Library/PrivateFrameworks/LanguageModeling.framework/Versions/A/LanguageModeling
0x000000000d772000 	/usr/lib/libcmph.dylib
0x000000000d772000 	/System/Library/Frameworks/ServiceManagement.framework/Versions/A/ServiceManagement
0x000000000d772000 	/usr/lib/libxslt.1.dylib
0x000000000d772000 	/System/Library/Frameworks/Carbon.framework/Versions/A/Frameworks/Ink.framework/Versions/A/Ink
0x000000000d772000 	/System/Library/Frameworks/QuartzCore.framework/Versions/A/Frameworks/CoreImage.framework/Versions/A/CoreImage
0x000000000d772000 	/System/Library/PrivateFrameworks/CrashReporterSupport.framework/Versions/A/CrashReporterSupport
0x000000000d772000 	/System/Library/Frameworks/OpenCL.framework/Versions/A/OpenCL
0x000000000d772000 	/System/Library/PrivateFrameworks/FaceCore.framework/Versions/A/FaceCore
0x000000000d772000 	/System/Library/PrivateFrameworks/Ubiquity.framework/Versions/A/Ubiquity
0x000000000d772000 	/System/Library/PrivateFrameworks/IconServices.framework/Versions/A/IconServices
0x000000000d772000 	/System/Library/PrivateFrameworks/ChunkingLibrary.framework/Versions/A/ChunkingLibrary
0x000000000d772000 	/System/Library/PrivateFrameworks/Apple80211.framework/Versions/A/Apple80211
0x000000000d772000 	/System/Library/Frameworks/CoreWLAN.framework/Versions/A/CoreWLAN
0x000000000d772000 	/System/Library/Frameworks/IOBluetooth.framework/Versions/A/IOBluetooth
0x000000000d772000 	/System/Library/PrivateFrameworks/CoreWiFi.framework/Versions/A/CoreWiFi
0x000000000d772000 	/System/Library/Frameworks/CoreBluetooth.framework/Versions/A/CoreBluetooth
0x000000000d772000 	/System/Library/PrivateFrameworks/DebugSymbols.framework/Versions/A/DebugSymbols
0x000000000d772000 	/System/Library/PrivateFrameworks/CoreSymbolication.framework/Versions/A/CoreSymbolication
0x000000000d772000 	/System/Library/PrivateFrameworks/Symbolication.framework/Versions/A/Symbolication
0x000000000d772000 	/System/Library/PrivateFrameworks/SpeechRecognitionCore.framework/Versions/A/SpeechRecognitionCore
0x000000010b400000 	/Library/Java/JavaVirtualMachines/jdk1.7.0_51.jdk/Contents/Home/jre/lib/server/libjvm.dylib
0x000000000d772000 	/usr/lib/libstdc++.6.dylib
0x000000010abab000 	/Library/Java/JavaVirtualMachines/jdk1.7.0_51.jdk/Contents/Home/jre/lib/libverify.dylib
0x000000010abb8000 	/Library/Java/JavaVirtualMachines/jdk1.7.0_51.jdk/Contents/Home/jre/lib/libjava.dylib
0x000000010abf2000 	/Library/Java/JavaVirtualMachines/jdk1.7.0_51.jdk/Contents/Home/jre/lib/libzip.dylib
0x00000001157c2000 	/System/Library/Frameworks/JavaVM.framework/Frameworks/JavaRuntimeSupport.framework/JavaRuntimeSupport
0x00000001157dd000 	/System/Library/Frameworks/JavaVM.framework/Versions/A/Frameworks/JavaNativeFoundation.framework/Versions/A/JavaNativeFoundation
0x00000001157f2000 	/System/Library/Frameworks/JavaVM.framework/Versions/A/JavaVM
0x000000000d772000 	/System/Library/Frameworks/Carbon.framework/Versions/A/Carbon
0x00000001157ff000 	/System/Library/PrivateFrameworks/JavaLaunching.framework/Versions/A/JavaLaunching
0x000000000d772000 	/System/Library/Frameworks/Carbon.framework/Versions/A/Frameworks/CommonPanels.framework/Versions/A/CommonPanels
0x000000000d772000 	/System/Library/Frameworks/Carbon.framework/Versions/A/Frameworks/Help.framework/Versions/A/Help
0x000000000d772000 	/System/Library/Frameworks/Carbon.framework/Versions/A/Frameworks/ImageCapture.framework/Versions/A/ImageCapture
0x000000000d772000 	/System/Library/Frameworks/Carbon.framework/Versions/A/Frameworks/OpenScripting.framework/Versions/A/OpenScripting
0x000000000d772000 	/System/Library/Frameworks/Carbon.framework/Versions/A/Frameworks/Print.framework/Versions/A/Print
0x000000000d772000 	/System/Library/Frameworks/Carbon.framework/Versions/A/Frameworks/SecurityHI.framework/Versions/A/SecurityHI
0x0000000117639000 	/Library/Java/JavaVirtualMachines/jdk1.7.0_51.jdk/Contents/Home/jre/lib/libawt.dylib
0x00000001176e8000 	/Library/Java/JavaVirtualMachines/jdk1.7.0_51.jdk/Contents/Home/jre/lib/./libmlib_image.dylib
0x00000001177b4000 	/Library/Java/JavaVirtualMachines/jdk1.7.0_51.jdk/Contents/Home/jre/lib/lwawt/liblwawt.dylib
0x0000000117868000 	/Library/Java/JavaVirtualMachines/jdk1.7.0_51.jdk/Contents/Home/jre/lib/libosxapp.dylib
0x000000000d772000 	/System/Library/Frameworks/ExceptionHandling.framework/Versions/A/ExceptionHandling
0x000000000d772000 	/System/Library/PrivateFrameworks/CoreServicesInternal.framework/Versions/A/CoreServicesInternal
0x000000000d772000 	/System/Library/PrivateFrameworks/CloudDocs.framework/Versions/A/CloudDocs
0x000000000d772000 	/System/Library/PrivateFrameworks/CoreDuet.framework/Versions/A/CoreDuet
0x000000000d772000 	/System/Library/Frameworks/CloudKit.framework/Versions/A/CloudKit
0x000000000d772000 	/System/Library/PrivateFrameworks/ProtocolBuffer.framework/Versions/A/ProtocolBuffer
0x000000000d772000 	/System/Library/PrivateFrameworks/CoreDuetDaemonProtocol.framework/Versions/A/CoreDuetDaemonProtocol
0x000000000d772000 	/System/Library/PrivateFrameworks/CoreDuetDebugLogging.framework/Versions/A/CoreDuetDebugLogging
0x000000000d772000 	/System/Library/PrivateFrameworks/MMCS.framework/Versions/A/MMCS
0x000000000d772000 	/System/Library/Frameworks/CoreLocation.framework/Versions/A/CoreLocation
0x000000000d772000 	/System/Library/PrivateFrameworks/ProtectedCloudStorage.framework/Versions/A/ProtectedCloudStorage
0x000000000d772000 	/System/Library/PrivateFrameworks/GeoServices.framework/Versions/A/GeoServices
0x0000000118fd3000 	/System/Library/Frameworks/CoreGraphics.framework/Versions/A/Resources/libCGCMS.A.dylib
0x0000000119ab6000 	/System/Library/Frameworks/CoreGraphics.framework/Versions/A/Resources/libRIP.A.dylib
0x0000000119d2e000 	/System/Library/Frameworks/CoreGraphics.framework/Versions/A/Resources/libCGXType.A.dylib
0x000000000d772000 	/System/Library/Frameworks/OpenCL.framework/Versions/A/Libraries/libcldcpuengine.dylib
0x000000000d772000 	/System/Library/PrivateFrameworks/DiskImages.framework/Versions/A/DiskImages
0x000000000d772000 	/System/Library/Frameworks/DiscRecording.framework/Versions/A/DiscRecording
0x000000000d772000 	/usr/lib/libcsfde.dylib
0x000000000d772000 	/usr/lib/libcurl.4.dylib
0x000000000d772000 	/System/Library/PrivateFrameworks/MediaKit.framework/Versions/A/MediaKit
0x000000000d772000 	/usr/lib/libCoreStorage.dylib
0x000000000d772000 	/System/Library/PrivateFrameworks/EFILogin.framework/Versions/A/EFILogin
0x000000000d772000 	/usr/lib/libutil.dylib
0x000000000d772000 	/System/Library/PrivateFrameworks/FindMyDevice.framework/Versions/A/FindMyDevice
0x000000000d772000 	/System/Library/Frameworks/LDAP.framework/Versions/A/LDAP
0x000000000d772000 	/usr/lib/libsasl2.2.dylib
0x000000000d772000 	/System/Library/PrivateFrameworks/CoreDaemon.framework/Versions/B/CoreDaemon
0x000000000d772000 	/usr/lib/libcrypto.0.9.8.dylib
0x000000000d772000 	/System/Library/PrivateFrameworks/AppleSRP.framework/Versions/A/AppleSRP
0x000000000d772000 	/System/Library/PrivateFrameworks/TrustEvaluationAgent.framework/Versions/A/TrustEvaluationAgent
0x000000011a79c000 	cl_kernels
0x000000011a79e000 	/System/Library/Frameworks/OpenCL.framework/Versions/A/Libraries/ImageFormats/unorm8_bgra.dylib
0x000000011a78d000 	cl_kernels
0x000000000d772000 	/System/Library/PrivateFrameworks/FamilyControls.framework/Versions/A/FamilyControls
0x000000000d772000 	/System/Library/PrivateFrameworks/CommerceKit.framework/Versions/A/Frameworks/CommerceCore.framework/Versions/A/CommerceCore
0x000000000d772000 	/System/Library/PrivateFrameworks/SystemAdministration.framework/Versions/A/SystemAdministration
0x000000000d772000 	/System/Library/PrivateFrameworks/AppContainer.framework/Versions/A/AppContainer
0x000000000d772000 	/System/Library/PrivateFrameworks/SecCodeWrapper.framework/Versions/A/SecCodeWrapper
0x000000000d772000 	/System/Library/Frameworks/DirectoryService.framework/Versions/A/DirectoryService
0x000000000d772000 	/System/Library/PrivateFrameworks/LoginUIKit.framework/Versions/A/Frameworks/LoginUICore.framework/Versions/A/LoginUICore
0x000000000d772000 	/usr/lib/libodfde.dylib
0x000000011b9e7000 	/Library/Java/JavaVirtualMachines/jdk1.7.0_51.jdk/Contents/Home/jre/lib/libfontmanager.dylib
0x0000000119cc7000 	/Library/Java/JavaVirtualMachines/jdk1.7.0_51.jdk/Contents/Home/jre/lib/libosxui.dylib
0x000000011c645000 	/System/Library/Frameworks/OpenGL.framework/Resources/GLEngine.bundle/GLEngine
0x000000000d772000 	/System/Library/Frameworks/OpenGL.framework/Versions/A/Libraries/libGLProgrammability.dylib
0x000000011c830000 	/System/Library/Extensions/AppleIntelHD5000GraphicsGLDriver.bundle/Contents/MacOS/AppleIntelHD5000GraphicsGLDriver
0x000000000d772000 	/System/Library/PrivateFrameworks/IOAccelerator.framework/Versions/A/IOAccelerator
0x000000000d772000 	/System/Library/PrivateFrameworks/GPUSupport.framework/Versions/A/Libraries/libGPUSupportMercury.dylib
0x000000011cf17000 	/System/Library/Frameworks/OpenGL.framework/Resources//GLRendererFloat.bundle/GLRendererFloat
0x000000011de98000 	/Library/Java/JavaVirtualMachines/jdk1.7.0_51.jdk/Contents/Home/jre/lib/libnet.dylib
0x000000011def5000 	/Library/Java/JavaVirtualMachines/jdk1.7.0_51.jdk/Contents/Home/jre/lib/libnio.dylib
0x00000001226b6000 	/Library/Java/JavaVirtualMachines/jdk1.7.0_51.jdk/Contents/Home/jre/lib/libdcpr.dylib

VM Arguments:
java_command: CPUEmulatorMain
Launcher Type: SUN_STANDARD

Environment Variables:
PATH=/Applications/microchip/xc32/v1.21/bin:/Users/janet/bin:/anaconda/bin:/usr/texbin:/usr/local/bin:/usr/bin:/bin:/usr/sbin:/sbin:/opt/X11/bin:/Library/TeX/texbin:/Applications/microchip/xc32/v1.21/bin:/Users/janet/bin:/anaconda/bin:/usr/texbin
SHELL=/bin/tcsh
DISPLAY=/private/tmp/com.apple.launchd.QFmYL3XXEB/org.macosforge.xquartz:0
HOSTTYPE=intel-mac
OSTYPE=darwin
MACHTYPE=x86_64

Signal Handlers:
SIGSEGV: [libjvm.dylib+0x525425], sa_mask[0]=0xfffefeff, sa_flags=0x00000043
SIGBUS: [libjvm.dylib+0x525425], sa_mask[0]=0xfffefeff, sa_flags=0x00000042
SIGFPE: [libjvm.dylib+0x41892a], sa_mask[0]=0xfffefeff, sa_flags=0x00000042
SIGPIPE: [libjvm.dylib+0x41892a], sa_mask[0]=0xfffefeff, sa_flags=0x00000042
SIGXFSZ: [libjvm.dylib+0x41892a], sa_mask[0]=0xfffefeff, sa_flags=0x00000042
SIGILL: [libjvm.dylib+0x41892a], sa_mask[0]=0xfffefeff, sa_flags=0x00000042
SIGUSR1: SIG_DFL, sa_mask[0]=0x00000000, sa_flags=0x00000000
SIGUSR2: [libjvm.dylib+0x41841c], sa_mask[0]=0x00000000, sa_flags=0x00000042
SIGHUP: [libjvm.dylib+0x4166ab], sa_mask[0]=0xfffefeff, sa_flags=0x00000042
SIGINT: SIG_IGN, sa_mask[0]=0x00000000, sa_flags=0x00000000
SIGTERM: [libjvm.dylib+0x4166ab], sa_mask[0]=0xfffefeff, sa_flags=0x00000042
SIGQUIT: [libjvm.dylib+0x4166ab], sa_mask[0]=0xfffefeff, sa_flags=0x00000042


---------------  S Y S T E M  ---------------

OS:Bsduname:Darwin 14.5.0 Darwin Kernel Version 14.5.0: Tue Sep  1 21:23:09 PDT 2015; root:xnu-2782.50.1~1/RELEASE_X86_64 x86_64
rlimit: STACK 8192k, CORE 0k, NPROC 709, NOFILE 10240, AS infinity
load average:2.31 1.90 1.51

CPU:total 4 (2 cores per cpu, 2 threads per core) family 6 model 69 stepping 1, cmov, cx8, fxsr, mmx, sse, sse2, sse3, ssse3, sse4.1, sse4.2, popcnt, avx, avx2, aes, erms, ht, tsc, tscinvbit

Memory: 4k page, physical 8388608k(2097152k free)

/proc/meminfo:


vm_info: Java HotSpot(TM) 64-Bit Server VM (24.51-b03) for bsd-amd64 JRE (1.7.0_51-b13), built on Dec 18 2013 18:45:56 by "java_re" with gcc 4.2.1 (Based on Apple Inc. build 5658) (LLVM build 2336.11.00)

time: Thu Mar 17 11:02:44 2016
elapsed time: 1 seconds

